<?xml version="1.0" encoding="UTF-8"?>
<!-- Generated by org.testng.reporters.JUnitReportReporter -->
<testsuite hostname="AMALJ96" failures="0" tests="1" name="Test.Soloonewaytest" time="19.289" errors="0" timestamp="2024-04-05T14:49:42 IST" skipped="0">
  <testcase classname="Test.Soloonewaytest" name="oneway" time="19.289"/>
</testsuite> <!-- Test.Soloonewaytest -->
