<?xml version="1.0" encoding="UTF-8"?>
<!-- Generated by org.testng.reporters.JUnitReportReporter -->
<testsuite hostname="AMALJ96" failures="0" tests="1" name="Test.Sololocaltriptest" time="44.400" errors="0" timestamp="2024-04-05T14:51:07 IST" skipped="0">
  <testcase classname="Test.Sololocaltriptest" name="localtrip" time="44.400"/>
</testsuite> <!-- Test.Sololocaltriptest -->
