<?xml version="1.0" encoding="UTF-8"?>
<!-- Generated by org.testng.reporters.JUnitReportReporter -->
<testsuite hostname="AMALJ96" failures="0" tests="1" name="Test.Soloroundtriptest" time="26.065" errors="0" timestamp="2024-04-05T14:52:29 IST" skipped="0">
  <testcase classname="Test.Soloroundtriptest" name="roundtrip" time="26.065"/>
</testsuite> <!-- Test.Soloroundtriptest -->
